<?xml version="1.0" encoding="UTF-8"?>
<testsuites tests="232" failures="0" disabled="4" errors="0" time="5.584" timestamp="2023-11-22T10:03:34.608" name="AllTests">
  <testsuite name="ValueDeathTest" tests="1" failures="0" disabled="0" skipped="0" errors="0" time="0.192" timestamp="2023-11-22T10:03:34.608">
    <testcase name="GetAssertions" file="D:\cygwin64\home\bwg\robottools\frc\allwpilib\ntcore\src\test\native\cpp\ValueTest.cpp" line="274" status="run" result="completed" time="0.192" timestamp="2023-11-22T10:03:34.608" classname="ValueDeathTest" />
  </testsuite>
  <testsuite name="ServerImplTest" tests="6" failures="0" disabled="0" skipped="0" errors="0" time="0.006" timestamp="2023-11-22T10:03:34.801">
    <testcase name="AddClient" file="D:\cygwin64\home\bwg\robottools\frc\allwpilib\ntcore\src\test\native\cpp\net\ServerImplTest.cpp" line="51" status="run" result="completed" time="0.001" timestamp="2023-11-22T10:03:34.801" classname="ServerImplTest" />
    <testcase name="AddDuplicateClient" file="D:\cygwin64\home\bwg\robottools\frc\allwpilib\ntcore\src\test\native\cpp\net\ServerImplTest.cpp" line="61" status="run" result="completed" time="0." timestamp="2023-11-22T10:03:34.802" classname="ServerImplTest" />
    <testcase name="AddClient3" file="D:\cygwin64\home\bwg\robottools\frc\allwpilib\ntcore\src\test\native\cpp\net\ServerImplTest.cpp" line="80" status="run" result="completed" time="0." timestamp="2023-11-22T10:03:34.802" classname="ServerImplTest" />
    <testcase name="PublishLocal" file="D:\cygwin64\home\bwg\robottools\frc\allwpilib\ntcore\src\test\native\cpp\net\ServerImplTest.cpp" line="145" status="run" result="completed" time="0.002" timestamp="2023-11-22T10:03:34.802" classname="ServerImplTest" />
    <testcase name="ClientSubTopicOnlyThenValue" file="D:\cygwin64\home\bwg\robottools\frc\allwpilib\ntcore\src\test\native\cpp\net\ServerImplTest.cpp" line="235" status="run" result="completed" time="0.001" timestamp="2023-11-22T10:03:34.805" classname="ServerImplTest" />
    <testcase name="ZeroTimestampNegativeTime" file="D:\cygwin64\home\bwg\robottools\frc\allwpilib\ntcore\src\test\native\cpp\net\ServerImplTest.cpp" line="308" status="run" result="completed" time="0." timestamp="2023-11-22T10:03:34.806" classname="ServerImplTest" />
  </testsuite>
  <testsuite name="TableListenerTest" tests="2" failures="0" disabled="0" skipped="0" errors="0" time="0.001" timestamp="2023-11-22T10:03:34.807">
    <testcase name="AddListener" file="D:\cygwin64\home\bwg\robottools\frc\allwpilib\ntcore\src\test\native\cpp\TableListenerTest.cpp" line="44" status="run" result="completed" time="0." timestamp="2023-11-22T10:03:34.807" classname="TableListenerTest" />
    <testcase name="AddSubTableListener" file="D:\cygwin64\home\bwg\robottools\frc\allwpilib\ntcore\src\test\native\cpp\TableListenerTest.cpp" line="54" status="run" result="completed" time="0." timestamp="2023-11-22T10:03:34.808" classname="TableListenerTest" />
  </testsuite>
  <testsuite name="TimeSyncTest" tests="4" failures="0" disabled="0" skipped="0" errors="0" time="0.008" timestamp="2023-11-22T10:03:34.809">
    <testcase name="TestLocal" file="D:\cygwin64\home\bwg\robottools\frc\allwpilib\ntcore\src\test\native\cpp\TimeSyncTest.cpp" line="20" status="run" result="completed" time="0." timestamp="2023-11-22T10:03:34.809" classname="TimeSyncTest" />
    <testcase name="TestServer" file="D:\cygwin64\home\bwg\robottools\frc\allwpilib\ntcore\src\test\native\cpp\TimeSyncTest.cpp" line="25" status="run" result="completed" time="0.006" timestamp="2023-11-22T10:03:34.809" classname="TimeSyncTest" />
    <testcase name="TestClient3" file="D:\cygwin64\home\bwg\robottools\frc\allwpilib\ntcore\src\test\native\cpp\TimeSyncTest.cpp" line="53" status="run" result="completed" time="0." timestamp="2023-11-22T10:03:34.815" classname="TimeSyncTest" />
    <testcase name="TestClient4" file="D:\cygwin64\home\bwg\robottools\frc\allwpilib\ntcore\src\test\native\cpp\TimeSyncTest.cpp" line="63" status="run" result="completed" time="0." timestamp="2023-11-22T10:03:34.816" classname="TimeSyncTest" />
  </testsuite>
  <testsuite name="ValueTest" tests="18" failures="0" disabled="0" skipped="0" errors="0" time="0." timestamp="2023-11-22T10:03:34.817">
    <testcase name="ConstructEmpty" file="D:\cygwin64\home\bwg\robottools\frc\allwpilib\ntcore\src\test\native\cpp\ValueTest.cpp" line="32" status="run" result="completed" time="0." timestamp="2023-11-22T10:03:34.817" classname="ValueTest" />
    <testcase name="Boolean" file="D:\cygwin64\home\bwg\robottools\frc\allwpilib\ntcore\src\test\native\cpp\ValueTest.cpp" line="37" status="run" result="completed" time="0." timestamp="2023-11-22T10:03:34.817" classname="ValueTest" />
    <testcase name="Double" file="D:\cygwin64\home\bwg\robottools\frc\allwpilib\ntcore\src\test\native\cpp\ValueTest.cpp" line="58" status="run" result="completed" time="0." timestamp="2023-11-22T10:03:34.817" classname="ValueTest" />
    <testcase name="String" file="D:\cygwin64\home\bwg\robottools\frc\allwpilib\ntcore\src\test\native\cpp\ValueTest.cpp" line="79" status="run" result="completed" time="0." timestamp="2023-11-22T10:03:34.817" classname="ValueTest" />
    <testcase name="Raw" file="D:\cygwin64\home\bwg\robottools\frc\allwpilib\ntcore\src\test\native\cpp\ValueTest.cpp" line="102" status="run" result="completed" time="0." timestamp="2023-11-22T10:03:34.817" classname="ValueTest" />
    <testcase name="BooleanArray" file="D:\cygwin64\home\bwg\robottools\frc\allwpilib\ntcore\src\test\native\cpp\ValueTest.cpp" line="129" status="run" result="completed" time="0." timestamp="2023-11-22T10:03:34.817" classname="ValueTest" />
    <testcase name="DoubleArray" file="D:\cygwin64\home\bwg\robottools\frc\allwpilib\ntcore\src\test\native\cpp\ValueTest.cpp" line="171" status="run" result="completed" time="0." timestamp="2023-11-22T10:03:34.817" classname="ValueTest" />
    <testcase name="StringArray" file="D:\cygwin64\home\bwg\robottools\frc\allwpilib\ntcore\src\test\native\cpp\ValueTest.cpp" line="213" status="run" result="completed" time="0." timestamp="2023-11-22T10:03:34.817" classname="ValueTest" />
    <testcase name="UnassignedComparison" file="D:\cygwin64\home\bwg\robottools\frc\allwpilib\ntcore\src\test\native\cpp\ValueTest.cpp" line="286" status="run" result="completed" time="0." timestamp="2023-11-22T10:03:34.817" classname="ValueTest" />
    <testcase name="MixedComparison" file="D:\cygwin64\home\bwg\robottools\frc\allwpilib\ntcore\src\test\native\cpp\ValueTest.cpp" line="291" status="run" result="completed" time="0." timestamp="2023-11-22T10:03:34.817" classname="ValueTest" />
    <testcase name="BooleanComparison" file="D:\cygwin64\home\bwg\robottools\frc\allwpilib\ntcore\src\test\native\cpp\ValueTest.cpp" line="299" status="run" result="completed" time="0." timestamp="2023-11-22T10:03:34.817" classname="ValueTest" />
    <testcase name="DoubleComparison" file="D:\cygwin64\home\bwg\robottools\frc\allwpilib\ntcore\src\test\native\cpp\ValueTest.cpp" line="307" status="run" result="completed" time="0." timestamp="2023-11-22T10:03:34.817" classname="ValueTest" />
    <testcase name="StringComparison" file="D:\cygwin64\home\bwg\robottools\frc\allwpilib\ntcore\src\test\native\cpp\ValueTest.cpp" line="315" status="run" result="completed" time="0." timestamp="2023-11-22T10:03:34.817" classname="ValueTest" />
    <testcase name="BooleanArrayComparison" file="D:\cygwin64\home\bwg\robottools\frc\allwpilib\ntcore\src\test\native\cpp\ValueTest.cpp" line="325" status="run" result="completed" time="0." timestamp="2023-11-22T10:03:34.817" classname="ValueTest" />
    <testcase name="IntegerArrayComparison" file="D:\cygwin64\home\bwg\robottools\frc\allwpilib\ntcore\src\test\native\cpp\ValueTest.cpp" line="348" status="run" result="completed" time="0." timestamp="2023-11-22T10:03:34.818" classname="ValueTest" />
    <testcase name="FloatArrayComparison" file="D:\cygwin64\home\bwg\robottools\frc\allwpilib\ntcore\src\test\native\cpp\ValueTest.cpp" line="371" status="run" result="completed" time="0." timestamp="2023-11-22T10:03:34.818" classname="ValueTest" />
    <testcase name="DoubleArrayComparison" file="D:\cygwin64\home\bwg\robottools\frc\allwpilib\ntcore\src\test\native\cpp\ValueTest.cpp" line="394" status="run" result="completed" time="0." timestamp="2023-11-22T10:03:34.818" classname="ValueTest" />
    <testcase name="StringArrayComparison" file="D:\cygwin64\home\bwg\robottools\frc\allwpilib\ntcore\src\test\native\cpp\ValueTest.cpp" line="417" status="run" result="completed" time="0." timestamp="2023-11-22T10:03:34.818" classname="ValueTest" />
  </testsuite>
  <testsuite name="WireEncoderTextTest" tests="24" failures="0" disabled="0" skipped="0" errors="0" time="0.001" timestamp="2023-11-22T10:03:34.818">
    <testcase name="PublishPropsEmpty" file="D:\cygwin64\home\bwg\robottools\frc\allwpilib\ntcore\src\test\native\cpp\net\WireEncoderTest.cpp" line="40" status="run" result="completed" time="0." timestamp="2023-11-22T10:03:34.818" classname="WireEncoderTextTest" />
    <testcase name="PublishProps" file="D:\cygwin64\home\bwg\robottools\frc\allwpilib\ntcore\src\test\native\cpp\net\WireEncoderTest.cpp" line="48" status="run" result="completed" time="0." timestamp="2023-11-22T10:03:34.818" classname="WireEncoderTextTest" />
    <testcase name="Unpublish" file="D:\cygwin64\home\bwg\robottools\frc\allwpilib\ntcore\src\test\native\cpp\net\WireEncoderTest.cpp" line="56" status="run" result="completed" time="0." timestamp="2023-11-22T10:03:34.818" classname="WireEncoderTextTest" />
    <testcase name="SetProperties" file="D:\cygwin64\home\bwg\robottools\frc\allwpilib\ntcore\src\test\native\cpp\net\WireEncoderTest.cpp" line="61" status="run" result="completed" time="0." timestamp="2023-11-22T10:03:34.818" classname="WireEncoderTextTest" />
    <testcase name="Subscribe" file="D:\cygwin64\home\bwg\robottools\frc\allwpilib\ntcore\src\test\native\cpp\net\WireEncoderTest.cpp" line="68" status="run" result="completed" time="0." timestamp="2023-11-22T10:03:34.818" classname="WireEncoderTextTest" />
    <testcase name="SubscribeSendAll" file="D:\cygwin64\home\bwg\robottools\frc\allwpilib\ntcore\src\test\native\cpp\net\WireEncoderTest.cpp" line="76" status="run" result="completed" time="0." timestamp="2023-11-22T10:03:34.818" classname="WireEncoderTextTest" />
    <testcase name="SubscribePeriodic" file="D:\cygwin64\home\bwg\robottools\frc\allwpilib\ntcore\src\test\native\cpp\net\WireEncoderTest.cpp" line="87" status="run" result="completed" time="0." timestamp="2023-11-22T10:03:34.818" classname="WireEncoderTextTest" />
    <testcase name="SubscribeAllOptions" file="D:\cygwin64\home\bwg\robottools\frc\allwpilib\ntcore\src\test\native\cpp\net\WireEncoderTest.cpp" line="98" status="run" result="completed" time="0." timestamp="2023-11-22T10:03:34.818" classname="WireEncoderTextTest" />
    <testcase name="Unsubscribe" file="D:\cygwin64\home\bwg\robottools\frc\allwpilib\ntcore\src\test\native\cpp\net\WireEncoderTest.cpp" line="110" status="run" result="completed" time="0." timestamp="2023-11-22T10:03:34.818" classname="WireEncoderTextTest" />
    <testcase name="Announce" file="D:\cygwin64\home\bwg\robottools\frc\allwpilib\ntcore\src\test\native\cpp\net\WireEncoderTest.cpp" line="115" status="run" result="completed" time="0." timestamp="2023-11-22T10:03:34.818" classname="WireEncoderTextTest" />
    <testcase name="AnnounceProperties" file="D:\cygwin64\home\bwg\robottools\frc\allwpilib\ntcore\src\test\native\cpp\net\WireEncoderTest.cpp" line="123" status="run" result="completed" time="0." timestamp="2023-11-22T10:03:34.818" classname="WireEncoderTextTest" />
    <testcase name="AnnouncePubuid" file="D:\cygwin64\home\bwg\robottools\frc\allwpilib\ntcore\src\test\native\cpp\net\WireEncoderTest.cpp" line="130" status="run" result="completed" time="0." timestamp="2023-11-22T10:03:34.818" classname="WireEncoderTextTest" />
    <testcase name="Unannounce" file="D:\cygwin64\home\bwg\robottools\frc\allwpilib\ntcore\src\test\native\cpp\net\WireEncoderTest.cpp" line="137" status="run" result="completed" time="0." timestamp="2023-11-22T10:03:34.818" classname="WireEncoderTextTest" />
    <testcase name="MessagePublish" file="D:\cygwin64\home\bwg\robottools\frc\allwpilib\ntcore\src\test\native\cpp\net\WireEncoderTest.cpp" line="144" status="run" result="completed" time="0." timestamp="2023-11-22T10:03:34.818" classname="WireEncoderTextTest" />
    <testcase name="MessageUnpublish" file="D:\cygwin64\home\bwg\robottools\frc\allwpilib\ntcore\src\test\native\cpp\net\WireEncoderTest.cpp" line="154" status="run" result="completed" time="0." timestamp="2023-11-22T10:03:34.818" classname="WireEncoderTextTest" />
    <testcase name="MessageSetProperties" file="D:\cygwin64\home\bwg\robottools\frc\allwpilib\ntcore\src\test\native\cpp\net\WireEncoderTest.cpp" line="161" status="run" result="completed" time="0." timestamp="2023-11-22T10:03:34.818" classname="WireEncoderTextTest" />
    <testcase name="MessageSubscribe" file="D:\cygwin64\home\bwg\robottools\frc\allwpilib\ntcore\src\test\native\cpp\net\WireEncoderTest.cpp" line="169" status="run" result="completed" time="0." timestamp="2023-11-22T10:03:34.819" classname="WireEncoderTextTest" />
    <testcase name="MessageUnsubscribe" file="D:\cygwin64\home\bwg\robottools\frc\allwpilib\ntcore\src\test\native\cpp\net\WireEncoderTest.cpp" line="178" status="run" result="completed" time="0." timestamp="2023-11-22T10:03:34.819" classname="WireEncoderTextTest" />
    <testcase name="MessageAnnounce" file="D:\cygwin64\home\bwg\robottools\frc\allwpilib\ntcore\src\test\native\cpp\net\WireEncoderTest.cpp" line="186" status="run" result="completed" time="0." timestamp="2023-11-22T10:03:34.819" classname="WireEncoderTextTest" />
    <testcase name="MessageAnnounceProperties" file="D:\cygwin64\home\bwg\robottools\frc\allwpilib\ntcore\src\test\native\cpp\net\WireEncoderTest.cpp" line="195" status="run" result="completed" time="0." timestamp="2023-11-22T10:03:34.819" classname="WireEncoderTextTest" />
    <testcase name="MessageAnnouncePubuid" file="D:\cygwin64\home\bwg\robottools\frc\allwpilib\ntcore\src\test\native\cpp\net\WireEncoderTest.cpp" line="204" status="run" result="completed" time="0." timestamp="2023-11-22T10:03:34.819" classname="WireEncoderTextTest" />
    <testcase name="MessageUnannounce" file="D:\cygwin64\home\bwg\robottools\frc\allwpilib\ntcore\src\test\native\cpp\net\WireEncoderTest.cpp" line="213" status="run" result="completed" time="0." timestamp="2023-11-22T10:03:34.819" classname="WireEncoderTextTest" />
    <testcase name="ServerMessageEmpty" file="D:\cygwin64\home\bwg\robottools\frc\allwpilib\ntcore\src\test\native\cpp\net\WireEncoderTest.cpp" line="221" status="run" result="completed" time="0." timestamp="2023-11-22T10:03:34.819" classname="WireEncoderTextTest" />
    <testcase name="ServerMessageValue" file="D:\cygwin64\home\bwg\robottools\frc\allwpilib\ntcore\src\test\native\cpp\net\WireEncoderTest.cpp" line="225" status="run" result="completed" time="0." timestamp="2023-11-22T10:03:34.819" classname="WireEncoderTextTest" />
  </testsuite>
  <testsuite name="WireEncoderBinaryTest" tests="11" failures="0" disabled="0" skipped="0" errors="0" time="0." timestamp="2023-11-22T10:03:34.819">
    <testcase name="Boolean" file="D:\cygwin64\home\bwg\robottools\frc\allwpilib\ntcore\src\test\native\cpp\net\WireEncoderTest.cpp" line="230" status="run" result="completed" time="0." timestamp="2023-11-22T10:03:34.819" classname="WireEncoderBinaryTest" />
    <testcase name="Integer" file="D:\cygwin64\home\bwg\robottools\frc\allwpilib\ntcore\src\test\native\cpp\net\WireEncoderTest.cpp" line="235" status="run" result="completed" time="0." timestamp="2023-11-22T10:03:34.819" classname="WireEncoderBinaryTest" />
    <testcase name="Float" file="D:\cygwin64\home\bwg\robottools\frc\allwpilib\ntcore\src\test\native\cpp\net\WireEncoderTest.cpp" line="240" status="run" result="completed" time="0." timestamp="2023-11-22T10:03:34.819" classname="WireEncoderBinaryTest" />
    <testcase name="Double" file="D:\cygwin64\home\bwg\robottools\frc\allwpilib\ntcore\src\test\native\cpp\net\WireEncoderTest.cpp" line="245" status="run" result="completed" time="0." timestamp="2023-11-22T10:03:34.819" classname="WireEncoderBinaryTest" />
    <testcase name="String" file="D:\cygwin64\home\bwg\robottools\frc\allwpilib\ntcore\src\test\native\cpp\net\WireEncoderTest.cpp" line="252" status="run" result="completed" time="0." timestamp="2023-11-22T10:03:34.819" classname="WireEncoderBinaryTest" />
    <testcase name="Raw" file="D:\cygwin64\home\bwg\robottools\frc\allwpilib\ntcore\src\test\native\cpp\net\WireEncoderTest.cpp" line="257" status="run" result="completed" time="0." timestamp="2023-11-22T10:03:34.819" classname="WireEncoderBinaryTest" />
    <testcase name="BooleanArray" file="D:\cygwin64\home\bwg\robottools\frc\allwpilib\ntcore\src\test\native\cpp\net\WireEncoderTest.cpp" line="262" status="run" result="completed" time="0." timestamp="2023-11-22T10:03:34.819" classname="WireEncoderBinaryTest" />
    <testcase name="IntegerArray" file="D:\cygwin64\home\bwg\robottools\frc\allwpilib\ntcore\src\test\native\cpp\net\WireEncoderTest.cpp" line="267" status="run" result="completed" time="0." timestamp="2023-11-22T10:03:34.819" classname="WireEncoderBinaryTest" />
    <testcase name="FloatArray" file="D:\cygwin64\home\bwg\robottools\frc\allwpilib\ntcore\src\test\native\cpp\net\WireEncoderTest.cpp" line="272" status="run" result="completed" time="0." timestamp="2023-11-22T10:03:34.819" classname="WireEncoderBinaryTest" />
    <testcase name="DoubleArray" file="D:\cygwin64\home\bwg\robottools\frc\allwpilib\ntcore\src\test\native\cpp\net\WireEncoderTest.cpp" line="280" status="run" result="completed" time="0." timestamp="2023-11-22T10:03:34.819" classname="WireEncoderBinaryTest" />
    <testcase name="StringArray" file="D:\cygwin64\home\bwg\robottools\frc\allwpilib\ntcore\src\test\native\cpp\net\WireEncoderTest.cpp" line="288" status="run" result="completed" time="0." timestamp="2023-11-22T10:03:34.819" classname="WireEncoderBinaryTest" />
  </testsuite>
  <testsuite name="ValueListenerTest" tests="11" failures="0" disabled="0" skipped="0" errors="0" time="0.034" timestamp="2023-11-22T10:03:34.819">
    <testcase name="MultiPollSub" file="D:\cygwin64\home\bwg\robottools\frc\allwpilib\ntcore\src\test\native\cpp\ValueListenerTest.cpp" line="32" status="run" result="completed" time="0." timestamp="2023-11-22T10:03:34.819" classname="ValueListenerTest" />
    <testcase name="PollMultiSub" file="D:\cygwin64\home\bwg\robottools\frc\allwpilib\ntcore\src\test\native\cpp\ValueListenerTest.cpp" line="85" status="run" result="completed" time="0." timestamp="2023-11-22T10:03:34.820" classname="ValueListenerTest" />
    <testcase name="PollMultiSubTopic" file="D:\cygwin64\home\bwg\robottools\frc\allwpilib\ntcore\src\test\native\cpp\ValueListenerTest.cpp" line="120" status="run" result="completed" time="0." timestamp="2023-11-22T10:03:34.820" classname="ValueListenerTest" />
    <testcase name="PollSubMultiple" file="D:\cygwin64\home\bwg\robottools\frc\allwpilib\ntcore\src\test\native\cpp\ValueListenerTest.cpp" line="158" status="run" result="completed" time="0." timestamp="2023-11-22T10:03:34.820" classname="ValueListenerTest" />
    <testcase name="PollSubPrefixCreated" file="D:\cygwin64\home\bwg\robottools\frc\allwpilib\ntcore\src\test\native\cpp\ValueListenerTest.cpp" line="194" status="run" result="completed" time="0." timestamp="2023-11-22T10:03:34.820" classname="ValueListenerTest" />
    <testcase name="PollEntry" file="D:\cygwin64\home\bwg\robottools\frc\allwpilib\ntcore\src\test\native\cpp\ValueListenerTest.cpp" line="231" status="run" result="completed" time="0." timestamp="2023-11-22T10:03:34.820" classname="ValueListenerTest" />
    <testcase name="PollImmediate" file="D:\cygwin64\home\bwg\robottools\frc\allwpilib\ntcore\src\test\native\cpp\ValueListenerTest.cpp" line="254" status="run" result="completed" time="0." timestamp="2023-11-22T10:03:34.820" classname="ValueListenerTest" />
    <testcase name="PollImmediateNoValue" file="D:\cygwin64\home\bwg\robottools\frc\allwpilib\ntcore\src\test\native\cpp\ValueListenerTest.cpp" line="279" status="run" result="completed" time="0.031" timestamp="2023-11-22T10:03:34.821" classname="ValueListenerTest" />
    <testcase name="PollImmediateSubMultiple" file="D:\cygwin64\home\bwg\robottools\frc\allwpilib\ntcore\src\test\native\cpp\ValueListenerTest.cpp" line="309" status="run" result="completed" time="0." timestamp="2023-11-22T10:03:34.853" classname="ValueListenerTest" />
    <testcase name="TwoSubOneListener" file="D:\cygwin64\home\bwg\robottools\frc\allwpilib\ntcore\src\test\native\cpp\ValueListenerTest.cpp" line="349" status="run" result="completed" time="0." timestamp="2023-11-22T10:03:34.853" classname="ValueListenerTest" />
    <testcase name="TwoSubOneMultiListener" file="D:\cygwin64\home\bwg\robottools\frc\allwpilib\ntcore\src\test\native\cpp\ValueListenerTest.cpp" line="379" status="run" result="completed" time="0." timestamp="2023-11-22T10:03:34.853" classname="ValueListenerTest" />
  </testsuite>
  <testsuite name="TopicListenerTest" tests="12" failures="0" disabled="4" skipped="0" errors="0" time="0.061" timestamp="2023-11-22T10:03:34.854">
    <testcase name="TopicNewLocal" file="D:\cygwin64\home\bwg\robottools\frc\allwpilib\ntcore\src\test\native\cpp\TopicListenerTest.cpp" line="82" status="run" result="completed" time="0." timestamp="2023-11-22T10:03:34.854" classname="TopicListenerTest" />
    <testcase name="DISABLED_TopicNewRemote" file="D:\cygwin64\home\bwg\robottools\frc\allwpilib\ntcore\src\test\native\cpp\TopicListenerTest.cpp" line="95" status="notrun" result="suppressed" time="0." timestamp="1969-12-31T16:00:00.000" classname="TopicListenerTest" />
    <testcase name="TopicPublishImm" file="D:\cygwin64\home\bwg\robottools\frc\allwpilib\ntcore\src\test\native\cpp\TopicListenerTest.cpp" line="115" status="run" result="completed" time="0." timestamp="2023-11-22T10:03:34.854" classname="TopicListenerTest" />
    <testcase name="TopicUnpublishPropsImm" file="D:\cygwin64\home\bwg\robottools\frc\allwpilib\ntcore\src\test\native\cpp\TopicListenerTest.cpp" line="130" status="run" result="completed" time="0.029" timestamp="2023-11-22T10:03:34.854" classname="TopicListenerTest" />
    <testcase name="TopicUnpublishLocal" file="D:\cygwin64\home\bwg\robottools\frc\allwpilib\ntcore\src\test\native\cpp\TopicListenerTest.cpp" line="145" status="run" result="completed" time="0." timestamp="2023-11-22T10:03:34.884" classname="TopicListenerTest" />
    <testcase name="DISABLED_TopicUnpublishRemote" file="D:\cygwin64\home\bwg\robottools\frc\allwpilib\ntcore\src\test\native\cpp\TopicListenerTest.cpp" line="161" status="notrun" result="suppressed" time="0." timestamp="1969-12-31T16:00:00.000" classname="TopicListenerTest" />
    <testcase name="TopicPropertiesLocal" file="D:\cygwin64\home\bwg\robottools\frc\allwpilib\ntcore\src\test\native\cpp\TopicListenerTest.cpp" line="186" status="run" result="completed" time="0." timestamp="2023-11-22T10:03:34.884" classname="TopicListenerTest" />
    <testcase name="DISABLED_TopicPropertiesRemote" file="D:\cygwin64\home\bwg\robottools\frc\allwpilib\ntcore\src\test\native\cpp\TopicListenerTest.cpp" line="201" status="notrun" result="suppressed" time="0." timestamp="1969-12-31T16:00:00.000" classname="TopicListenerTest" />
    <testcase name="PrefixPublishLocal" file="D:\cygwin64\home\bwg\robottools\frc\allwpilib\ntcore\src\test\native\cpp\TopicListenerTest.cpp" line="224" status="run" result="completed" time="0." timestamp="2023-11-22T10:03:34.884" classname="TopicListenerTest" />
    <testcase name="DISABLED_PrefixPublishRemote" file="D:\cygwin64\home\bwg\robottools\frc\allwpilib\ntcore\src\test\native\cpp\TopicListenerTest.cpp" line="237" status="notrun" result="suppressed" time="0." timestamp="1969-12-31T16:00:00.000" classname="TopicListenerTest" />
    <testcase name="PrefixPublishImm" file="D:\cygwin64\home\bwg\robottools\frc\allwpilib\ntcore\src\test\native\cpp\TopicListenerTest.cpp" line="257" status="run" result="completed" time="0." timestamp="2023-11-22T10:03:34.884" classname="TopicListenerTest" />
    <testcase name="PrefixUnpublishPropsImm" file="D:\cygwin64\home\bwg\robottools\frc\allwpilib\ntcore\src\test\native\cpp\TopicListenerTest.cpp" line="272" status="run" result="completed" time="0.03" timestamp="2023-11-22T10:03:34.885" classname="TopicListenerTest" />
  </testsuite>
  <testsuite name="WireDecodeTextClientTest" tests="18" failures="0" disabled="0" skipped="0" errors="0" time="0.004" timestamp="2023-11-22T10:03:34.915">
    <testcase name="EmptyArray" file="D:\cygwin64\home\bwg\robottools\frc\allwpilib\ntcore\src\test\native\cpp\net\WireDecoderTest.cpp" line="61" status="run" result="completed" time="0." timestamp="2023-11-22T10:03:34.915" classname="WireDecodeTextClientTest" />
    <testcase name="ErrorEmpty" file="D:\cygwin64\home\bwg\robottools\frc\allwpilib\ntcore\src\test\native\cpp\net\WireDecoderTest.cpp" line="65" status="run" result="completed" time="0." timestamp="2023-11-22T10:03:34.915" classname="WireDecodeTextClientTest" />
    <testcase name="ErrorBadJson1" file="D:\cygwin64\home\bwg\robottools\frc\allwpilib\ntcore\src\test\native\cpp\net\WireDecoderTest.cpp" line="75" status="run" result="completed" time="0." timestamp="2023-11-22T10:03:34.916" classname="WireDecodeTextClientTest" />
    <testcase name="ErrorBadJson2" file="D:\cygwin64\home\bwg\robottools\frc\allwpilib\ntcore\src\test\native\cpp\net\WireDecoderTest.cpp" line="85" status="run" result="completed" time="0." timestamp="2023-11-22T10:03:34.916" classname="WireDecodeTextClientTest" />
    <testcase name="ErrorNotArray" file="D:\cygwin64\home\bwg\robottools\frc\allwpilib\ntcore\src\test\native\cpp\net\WireDecoderTest.cpp" line="95" status="run" result="completed" time="0." timestamp="2023-11-22T10:03:34.916" classname="WireDecodeTextClientTest" />
    <testcase name="ErrorMessageNotObject" file="D:\cygwin64\home\bwg\robottools\frc\allwpilib\ntcore\src\test\native\cpp\net\WireDecoderTest.cpp" line="100" status="run" result="completed" time="0." timestamp="2023-11-22T10:03:34.916" classname="WireDecodeTextClientTest" />
    <testcase name="ErrorNoMethodKey" file="D:\cygwin64\home\bwg\robottools\frc\allwpilib\ntcore\src\test\native\cpp\net\WireDecoderTest.cpp" line="105" status="run" result="completed" time="0." timestamp="2023-11-22T10:03:34.916" classname="WireDecodeTextClientTest" />
    <testcase name="ErrorMethodNotString" file="D:\cygwin64\home\bwg\robottools\frc\allwpilib\ntcore\src\test\native\cpp\net\WireDecoderTest.cpp" line="110" status="run" result="completed" time="0." timestamp="2023-11-22T10:03:34.917" classname="WireDecodeTextClientTest" />
    <testcase name="ErrorNoParamsKey" file="D:\cygwin64\home\bwg\robottools\frc\allwpilib\ntcore\src\test\native\cpp\net\WireDecoderTest.cpp" line="115" status="run" result="completed" time="0." timestamp="2023-11-22T10:03:34.917" classname="WireDecodeTextClientTest" />
    <testcase name="ErrorParamsNotObject" file="D:\cygwin64\home\bwg\robottools\frc\allwpilib\ntcore\src\test\native\cpp\net\WireDecoderTest.cpp" line="120" status="run" result="completed" time="0." timestamp="2023-11-22T10:03:34.917" classname="WireDecodeTextClientTest" />
    <testcase name="ErrorUnknownMethod" file="D:\cygwin64\home\bwg\robottools\frc\allwpilib\ntcore\src\test\native\cpp\net\WireDecoderTest.cpp" line="125" status="run" result="completed" time="0." timestamp="2023-11-22T10:03:34.917" classname="WireDecodeTextClientTest" />
    <testcase name="PublishPropsEmpty" file="D:\cygwin64\home\bwg\robottools\frc\allwpilib\ntcore\src\test\native\cpp\net\WireDecoderTest.cpp" line="130" status="run" result="completed" time="0." timestamp="2023-11-22T10:03:34.917" classname="WireDecodeTextClientTest" />
    <testcase name="PublishProps" file="D:\cygwin64\home\bwg\robottools\frc\allwpilib\ntcore\src\test\native\cpp\net\WireDecoderTest.cpp" line="148" status="run" result="completed" time="0." timestamp="2023-11-22T10:03:34.918" classname="WireDecodeTextClientTest" />
    <testcase name="PublishPropsError" file="D:\cygwin64\home\bwg\robottools\frc\allwpilib\ntcore\src\test\native\cpp\net\WireDecoderTest.cpp" line="159" status="run" result="completed" time="0." timestamp="2023-11-22T10:03:34.918" classname="WireDecodeTextClientTest" />
    <testcase name="PublishError" file="D:\cygwin64\home\bwg\robottools\frc\allwpilib\ntcore\src\test\native\cpp\net\WireDecoderTest.cpp" line="168" status="run" result="completed" time="0." timestamp="2023-11-22T10:03:34.918" classname="WireDecodeTextClientTest" />
    <testcase name="Unpublish" file="D:\cygwin64\home\bwg\robottools\frc\allwpilib\ntcore\src\test\native\cpp\net\WireDecoderTest.cpp" line="188" status="run" result="completed" time="0." timestamp="2023-11-22T10:03:34.918" classname="WireDecodeTextClientTest" />
    <testcase name="UnpublishMultiple" file="D:\cygwin64\home\bwg\robottools\frc\allwpilib\ntcore\src\test\native\cpp\net\WireDecoderTest.cpp" line="194" status="run" result="completed" time="0." timestamp="2023-11-22T10:03:34.919" classname="WireDecodeTextClientTest" />
    <testcase name="UnpublishError" file="D:\cygwin64\home\bwg\robottools\frc\allwpilib\ntcore\src\test\native\cpp\net\WireDecoderTest.cpp" line="203" status="run" result="completed" time="0." timestamp="2023-11-22T10:03:34.919" classname="WireDecodeTextClientTest" />
  </testsuite>
  <testsuite name="WireEncoder3Test" tests="30" failures="0" disabled="0" skipped="0" errors="0" time="0.002" timestamp="2023-11-22T10:03:34.919">
    <testcase name="Unknown" file="D:\cygwin64\home\bwg\robottools\frc\allwpilib\ntcore\src\test\native\cpp\net3\WireEncoder3Test.cpp" line="30" status="run" result="completed" time="0." timestamp="2023-11-22T10:03:34.919" classname="WireEncoder3Test" />
    <testcase name="KeepAlive" file="D:\cygwin64\home\bwg\robottools\frc\allwpilib\ntcore\src\test\native\cpp\net3\WireEncoder3Test.cpp" line="35" status="run" result="completed" time="0." timestamp="2023-11-22T10:03:34.919" classname="WireEncoder3Test" />
    <testcase name="ClientHello" file="D:\cygwin64\home\bwg\robottools\frc\allwpilib\ntcore\src\test\native\cpp\net3\WireEncoder3Test.cpp" line="40" status="run" result="completed" time="0." timestamp="2023-11-22T10:03:34.919" classname="WireEncoder3Test" />
    <testcase name="ProtoUnsup" file="D:\cygwin64\home\bwg\robottools\frc\allwpilib\ntcore\src\test\native\cpp\net3\WireEncoder3Test.cpp" line="45" status="run" result="completed" time="0." timestamp="2023-11-22T10:03:34.919" classname="WireEncoder3Test" />
    <testcase name="ServerHelloDone" file="D:\cygwin64\home\bwg\robottools\frc\allwpilib\ntcore\src\test\native\cpp\net3\WireEncoder3Test.cpp" line="51" status="run" result="completed" time="0." timestamp="2023-11-22T10:03:34.919" classname="WireEncoder3Test" />
    <testcase name="ServerHello" file="D:\cygwin64\home\bwg\robottools\frc\allwpilib\ntcore\src\test\native\cpp\net3\WireEncoder3Test.cpp" line="56" status="run" result="completed" time="0." timestamp="2023-11-22T10:03:34.919" classname="WireEncoder3Test" />
    <testcase name="ClientHelloDone" file="D:\cygwin64\home\bwg\robottools\frc\allwpilib\ntcore\src\test\native\cpp\net3\WireEncoder3Test.cpp" line="61" status="run" result="completed" time="0." timestamp="2023-11-22T10:03:34.919" classname="WireEncoder3Test" />
    <testcase name="FlagsUpdate" file="D:\cygwin64\home\bwg\robottools\frc\allwpilib\ntcore\src\test\native\cpp\net3\WireEncoder3Test.cpp" line="66" status="run" result="completed" time="0." timestamp="2023-11-22T10:03:34.919" classname="WireEncoder3Test" />
    <testcase name="EntryDelete" file="D:\cygwin64\home\bwg\robottools\frc\allwpilib\ntcore\src\test\native\cpp\net3\WireEncoder3Test.cpp" line="71" status="run" result="completed" time="0." timestamp="2023-11-22T10:03:34.920" classname="WireEncoder3Test" />
    <testcase name="ClearEntries" file="D:\cygwin64\home\bwg\robottools\frc\allwpilib\ntcore\src\test\native\cpp\net3\WireEncoder3Test.cpp" line="76" status="run" result="completed" time="0." timestamp="2023-11-22T10:03:34.920" classname="WireEncoder3Test" />
    <testcase name="ExecuteRpc" file="D:\cygwin64\home\bwg\robottools\frc\allwpilib\ntcore\src\test\native\cpp\net3\WireEncoder3Test.cpp" line="81" status="run" result="completed" time="0." timestamp="2023-11-22T10:03:34.920" classname="WireEncoder3Test" />
    <testcase name="RpcResponse" file="D:\cygwin64\home\bwg\robottools\frc\allwpilib\ntcore\src\test\native\cpp\net3\WireEncoder3Test.cpp" line="86" status="run" result="completed" time="0." timestamp="2023-11-22T10:03:34.920" classname="WireEncoder3Test" />
    <testcase name="EntryAssignBoolean" file="D:\cygwin64\home\bwg\robottools\frc\allwpilib\ntcore\src\test\native\cpp\net3\WireEncoder3Test.cpp" line="91" status="run" result="completed" time="0." timestamp="2023-11-22T10:03:34.920" classname="WireEncoder3Test" />
    <testcase name="EntryAssignDouble" file="D:\cygwin64\home\bwg\robottools\frc\allwpilib\ntcore\src\test\native\cpp\net3\WireEncoder3Test.cpp" line="98" status="run" result="completed" time="0." timestamp="2023-11-22T10:03:34.920" classname="WireEncoder3Test" />
    <testcase name="EntryUpdateBoolean" file="D:\cygwin64\home\bwg\robottools\frc\allwpilib\ntcore\src\test\native\cpp\net3\WireEncoder3Test.cpp" line="106" status="run" result="completed" time="0." timestamp="2023-11-22T10:03:34.920" classname="WireEncoder3Test" />
    <testcase name="EntryUpdateDouble" file="D:\cygwin64\home\bwg\robottools\frc\allwpilib\ntcore\src\test\native\cpp\net3\WireEncoder3Test.cpp" line="112" status="run" result="completed" time="0." timestamp="2023-11-22T10:03:34.920" classname="WireEncoder3Test" />
    <testcase name="EntryUpdateString" file="D:\cygwin64\home\bwg\robottools\frc\allwpilib\ntcore\src\test\native\cpp\net3\WireEncoder3Test.cpp" line="152" status="run" result="completed" time="0." timestamp="2023-11-22T10:03:34.920" classname="WireEncoder3Test" />
    <testcase name="EntryUpdateString2" file="D:\cygwin64\home\bwg\robottools\frc\allwpilib\ntcore\src\test\native\cpp\net3\WireEncoder3Test.cpp" line="158" status="run" result="completed" time="0." timestamp="2023-11-22T10:03:34.920" classname="WireEncoder3Test" />
    <testcase name="EntryUpdateStringLarge" file="D:\cygwin64\home\bwg\robottools\frc\allwpilib\ntcore\src\test\native\cpp\net3\WireEncoder3Test.cpp" line="167" status="run" result="completed" time="0." timestamp="2023-11-22T10:03:34.920" classname="WireEncoder3Test" />
    <testcase name="EntryUpdateStringHuge" file="D:\cygwin64\home\bwg\robottools\frc\allwpilib\ntcore\src\test\native\cpp\net3\WireEncoder3Test.cpp" line="180" status="run" result="completed" time="0." timestamp="2023-11-22T10:03:34.920" classname="WireEncoder3Test" />
    <testcase name="EntryUpdateRaw" file="D:\cygwin64\home\bwg\robottools\frc\allwpilib\ntcore\src\test\native\cpp\net3\WireEncoder3Test.cpp" line="193" status="run" result="completed" time="0." timestamp="2023-11-22T10:03:34.920" classname="WireEncoder3Test" />
    <testcase name="EntryUpdateBooleanArray" file="D:\cygwin64\home\bwg\robottools\frc\allwpilib\ntcore\src\test\native\cpp\net3\WireEncoder3Test.cpp" line="199" status="run" result="completed" time="0." timestamp="2023-11-22T10:03:34.920" classname="WireEncoder3Test" />
    <testcase name="EntryUpdateBooleanArrayLarge" file="D:\cygwin64\home\bwg\robottools\frc\allwpilib\ntcore\src\test\native\cpp\net3\WireEncoder3Test.cpp" line="206" status="run" result="completed" time="0." timestamp="2023-11-22T10:03:34.920" classname="WireEncoder3Test" />
    <testcase name="EntryUpdateBooleanArrayTrunc" file="D:\cygwin64\home\bwg\robottools\frc\allwpilib\ntcore\src\test\native\cpp\net3\WireEncoder3Test.cpp" line="216" status="run" result="completed" time="0." timestamp="2023-11-22T10:03:34.921" classname="WireEncoder3Test" />
    <testcase name="EntryUpdateDoubleArray" file="D:\cygwin64\home\bwg\robottools\frc\allwpilib\ntcore\src\test\native\cpp\net3\WireEncoder3Test.cpp" line="226" status="run" result="completed" time="0." timestamp="2023-11-22T10:03:34.921" classname="WireEncoder3Test" />
    <testcase name="EntryUpdateDoubleArrayLarge" file="D:\cygwin64\home\bwg\robottools\frc\allwpilib\ntcore\src\test\native\cpp\net3\WireEncoder3Test.cpp" line="235" status="run" result="completed" time="0." timestamp="2023-11-22T10:03:34.921" classname="WireEncoder3Test" />
    <testcase name="EntryUpdateDoubleArrayTrunc" file="D:\cygwin64\home\bwg\robottools\frc\allwpilib\ntcore\src\test\native\cpp\net3\WireEncoder3Test.cpp" line="245" status="run" result="completed" time="0." timestamp="2023-11-22T10:03:34.921" classname="WireEncoder3Test" />
    <testcase name="EntryUpdateStringArray" file="D:\cygwin64\home\bwg\robottools\frc\allwpilib\ntcore\src\test\native\cpp\net3\WireEncoder3Test.cpp" line="255" status="run" result="completed" time="0." timestamp="2023-11-22T10:03:34.921" classname="WireEncoder3Test" />
    <testcase name="EntryUpdateStringArrayLarge" file="D:\cygwin64\home\bwg\robottools\frc\allwpilib\ntcore\src\test\native\cpp\net3\WireEncoder3Test.cpp" line="263" status="run" result="completed" time="0." timestamp="2023-11-22T10:03:34.921" classname="WireEncoder3Test" />
    <testcase name="EntryUpdateStringArrayTrunc" file="D:\cygwin64\home\bwg\robottools\frc\allwpilib\ntcore\src\test\native\cpp\net3\WireEncoder3Test.cpp" line="273" status="run" result="completed" time="0." timestamp="2023-11-22T10:03:34.921" classname="WireEncoder3Test" />
  </testsuite>
  <testsuite name="WireDecoder3Test" tests="30" failures="0" disabled="0" skipped="0" errors="0" time="0.005" timestamp="2023-11-22T10:03:34.922">
    <testcase name="KeepAlive" file="D:\cygwin64\home\bwg\robottools\frc\allwpilib\ntcore\src\test\native\cpp\net3\WireDecoder3Test.cpp" line="63" status="run" result="completed" time="0." timestamp="2023-11-22T10:03:34.922" classname="WireDecoder3Test" />
    <testcase name="ClientHello" file="D:\cygwin64\home\bwg\robottools\frc\allwpilib\ntcore\src\test\native\cpp\net3\WireDecoder3Test.cpp" line="68" status="run" result="completed" time="0." timestamp="2023-11-22T10:03:34.922" classname="WireDecoder3Test" />
    <testcase name="ProtoUnsup" file="D:\cygwin64\home\bwg\robottools\frc\allwpilib\ntcore\src\test\native\cpp\net3\WireDecoder3Test.cpp" line="73" status="run" result="completed" time="0." timestamp="2023-11-22T10:03:34.922" classname="WireDecoder3Test" />
    <testcase name="ServerHelloDone" file="D:\cygwin64\home\bwg\robottools\frc\allwpilib\ntcore\src\test\native\cpp\net3\WireDecoder3Test.cpp" line="79" status="run" result="completed" time="0." timestamp="2023-11-22T10:03:34.922" classname="WireDecoder3Test" />
    <testcase name="ServerHello" file="D:\cygwin64\home\bwg\robottools\frc\allwpilib\ntcore\src\test\native\cpp\net3\WireDecoder3Test.cpp" line="84" status="run" result="completed" time="0." timestamp="2023-11-22T10:03:34.923" classname="WireDecoder3Test" />
    <testcase name="ClientHelloDone" file="D:\cygwin64\home\bwg\robottools\frc\allwpilib\ntcore\src\test\native\cpp\net3\WireDecoder3Test.cpp" line="89" status="run" result="completed" time="0." timestamp="2023-11-22T10:03:34.923" classname="WireDecoder3Test" />
    <testcase name="FlagsUpdate" file="D:\cygwin64\home\bwg\robottools\frc\allwpilib\ntcore\src\test\native\cpp\net3\WireDecoder3Test.cpp" line="94" status="run" result="completed" time="0." timestamp="2023-11-22T10:03:34.923" classname="WireDecoder3Test" />
    <testcase name="EntryDelete" file="D:\cygwin64\home\bwg\robottools\frc\allwpilib\ntcore\src\test\native\cpp\net3\WireDecoder3Test.cpp" line="99" status="run" result="completed" time="0." timestamp="2023-11-22T10:03:34.923" classname="WireDecoder3Test" />
    <testcase name="ClearEntries" file="D:\cygwin64\home\bwg\robottools\frc\allwpilib\ntcore\src\test\native\cpp\net3\WireDecoder3Test.cpp" line="104" status="run" result="completed" time="0." timestamp="2023-11-22T10:03:34.923" classname="WireDecoder3Test" />
    <testcase name="ClearEntriesInvalid" file="D:\cygwin64\home\bwg\robottools\frc\allwpilib\ntcore\src\test\native\cpp\net3\WireDecoder3Test.cpp" line="109" status="run" result="completed" time="0." timestamp="2023-11-22T10:03:34.923" classname="WireDecoder3Test" />
    <testcase name="ExecuteRpc" file="D:\cygwin64\home\bwg\robottools\frc\allwpilib\ntcore\src\test\native\cpp\net3\WireDecoder3Test.cpp" line="115" status="run" result="completed" time="0." timestamp="2023-11-22T10:03:34.923" classname="WireDecoder3Test" />
    <testcase name="RpcResponse" file="D:\cygwin64\home\bwg\robottools\frc\allwpilib\ntcore\src\test\native\cpp\net3\WireDecoder3Test.cpp" line="120" status="run" result="completed" time="0." timestamp="2023-11-22T10:03:34.923" classname="WireDecoder3Test" />
    <testcase name="UnknownMessage" file="D:\cygwin64\home\bwg\robottools\frc\allwpilib\ntcore\src\test\native\cpp\net3\WireDecoder3Test.cpp" line="125" status="run" result="completed" time="0." timestamp="2023-11-22T10:03:34.924" classname="WireDecoder3Test" />
    <testcase name="EntryAssignBoolean" file="D:\cygwin64\home\bwg\robottools\frc\allwpilib\ntcore\src\test\native\cpp\net3\WireDecoder3Test.cpp" line="131" status="run" result="completed" time="0." timestamp="2023-11-22T10:03:34.924" classname="WireDecoder3Test" />
    <testcase name="EntryAssignDouble" file="D:\cygwin64\home\bwg\robottools\frc\allwpilib\ntcore\src\test\native\cpp\net3\WireDecoder3Test.cpp" line="137" status="run" result="completed" time="0." timestamp="2023-11-22T10:03:34.924" classname="WireDecoder3Test" />
    <testcase name="EntryUpdateBoolean" file="D:\cygwin64\home\bwg\robottools\frc\allwpilib\ntcore\src\test\native\cpp\net3\WireDecoder3Test.cpp" line="145" status="run" result="completed" time="0." timestamp="2023-11-22T10:03:34.924" classname="WireDecoder3Test" />
    <testcase name="EntryUpdateDouble" file="D:\cygwin64\home\bwg\robottools\frc\allwpilib\ntcore\src\test\native\cpp\net3\WireDecoder3Test.cpp" line="150" status="run" result="completed" time="0." timestamp="2023-11-22T10:03:34.924" classname="WireDecoder3Test" />
    <testcase name="EntryUpdateString" file="D:\cygwin64\home\bwg\robottools\frc\allwpilib\ntcore\src\test\native\cpp\net3\WireDecoder3Test.cpp" line="168" status="run" result="completed" time="0." timestamp="2023-11-22T10:03:34.924" classname="WireDecoder3Test" />
    <testcase name="EntryUpdateString2" file="D:\cygwin64\home\bwg\robottools\frc\allwpilib\ntcore\src\test\native\cpp\net3\WireDecoder3Test.cpp" line="174" status="run" result="completed" time="0." timestamp="2023-11-22T10:03:34.924" classname="WireDecoder3Test" />
    <testcase name="EntryUpdateStringLarge" file="D:\cygwin64\home\bwg\robottools\frc\allwpilib\ntcore\src\test\native\cpp\net3\WireDecoder3Test.cpp" line="183" status="run" result="completed" time="0." timestamp="2023-11-22T10:03:34.925" classname="WireDecoder3Test" />
    <testcase name="EntryUpdateStringHuge" file="D:\cygwin64\home\bwg\robottools\frc\allwpilib\ntcore\src\test\native\cpp\net3\WireDecoder3Test.cpp" line="196" status="run" result="completed" time="0." timestamp="2023-11-22T10:03:34.925" classname="WireDecoder3Test" />
    <testcase name="EntryUpdateRaw" file="D:\cygwin64\home\bwg\robottools\frc\allwpilib\ntcore\src\test\native\cpp\net3\WireDecoder3Test.cpp" line="209" status="run" result="completed" time="0." timestamp="2023-11-22T10:03:34.925" classname="WireDecoder3Test" />
    <testcase name="EntryUpdateBooleanArray" file="D:\cygwin64\home\bwg\robottools\frc\allwpilib\ntcore\src\test\native\cpp\net3\WireDecoder3Test.cpp" line="214" status="run" result="completed" time="0." timestamp="2023-11-22T10:03:34.925" classname="WireDecoder3Test" />
    <testcase name="EntryUpdateBooleanArrayLarge" file="D:\cygwin64\home\bwg\robottools\frc\allwpilib\ntcore\src\test\native\cpp\net3\WireDecoder3Test.cpp" line="221" status="run" result="completed" time="0." timestamp="2023-11-22T10:03:34.925" classname="WireDecoder3Test" />
    <testcase name="EntryUpdateDoubleArray" file="D:\cygwin64\home\bwg\robottools\frc\allwpilib\ntcore\src\test\native\cpp\net3\WireDecoder3Test.cpp" line="230" status="run" result="completed" time="0." timestamp="2023-11-22T10:03:34.926" classname="WireDecoder3Test" />
    <testcase name="EntryUpdateDoubleArrayLarge" file="D:\cygwin64\home\bwg\robottools\frc\allwpilib\ntcore\src\test\native\cpp\net3\WireDecoder3Test.cpp" line="239" status="run" result="completed" time="0." timestamp="2023-11-22T10:03:34.926" classname="WireDecoder3Test" />
    <testcase name="EntryUpdateStringArray" file="D:\cygwin64\home\bwg\robottools\frc\allwpilib\ntcore\src\test\native\cpp\net3\WireDecoder3Test.cpp" line="248" status="run" result="completed" time="0." timestamp="2023-11-22T10:03:34.926" classname="WireDecoder3Test" />
    <testcase name="EntryUpdateStringArrayLarge" file="D:\cygwin64\home\bwg\robottools\frc\allwpilib\ntcore\src\test\native\cpp\net3\WireDecoder3Test.cpp" line="256" status="run" result="completed" time="0." timestamp="2023-11-22T10:03:34.926" classname="WireDecoder3Test" />
    <testcase name="EntryUpdateRpc" file="D:\cygwin64\home\bwg\robottools\frc\allwpilib\ntcore\src\test\native\cpp\net3\WireDecoder3Test.cpp" line="265" status="run" result="completed" time="0." timestamp="2023-11-22T10:03:34.927" classname="WireDecoder3Test" />
    <testcase name="EntryUpdateTypeError" file="D:\cygwin64\home\bwg\robottools\frc\allwpilib\ntcore\src\test\native\cpp\net3\WireDecoder3Test.cpp" line="271" status="run" result="completed" time="0." timestamp="2023-11-22T10:03:34.927" classname="WireDecoder3Test" />
  </testsuite>
  <testsuite name="NetworkTableTest" tests="11" failures="0" disabled="0" skipped="0" errors="0" time="0." timestamp="2023-11-22T10:03:34.927">
    <testcase name="BasenameKey" file="D:\cygwin64\home\bwg\robottools\frc\allwpilib\ntcore\src\test\native\cpp\NetworkTableTest.cpp" line="13" status="run" result="completed" time="0." timestamp="2023-11-22T10:03:34.927" classname="NetworkTableTest" />
    <testcase name="NormalizeKeySlash" file="D:\cygwin64\home\bwg\robottools\frc\allwpilib\ntcore\src\test\native\cpp\NetworkTableTest.cpp" line="20" status="run" result="completed" time="0." timestamp="2023-11-22T10:03:34.927" classname="NetworkTableTest" />
    <testcase name="NormalizeKeyNoSlash" file="D:\cygwin64\home\bwg\robottools\frc\allwpilib\ntcore\src\test\native\cpp\NetworkTableTest.cpp" line="29" status="run" result="completed" time="0." timestamp="2023-11-22T10:03:34.927" classname="NetworkTableTest" />
    <testcase name="GetHierarchyEmpty" file="D:\cygwin64\home\bwg\robottools\frc\allwpilib\ntcore\src\test\native\cpp\NetworkTableTest.cpp" line="41" status="run" result="completed" time="0." timestamp="2023-11-22T10:03:34.927" classname="NetworkTableTest" />
    <testcase name="GetHierarchyRoot" file="D:\cygwin64\home\bwg\robottools\frc\allwpilib\ntcore\src\test\native\cpp\NetworkTableTest.cpp" line="46" status="run" result="completed" time="0." timestamp="2023-11-22T10:03:34.927" classname="NetworkTableTest" />
    <testcase name="GetHierarchyNormal" file="D:\cygwin64\home\bwg\robottools\frc\allwpilib\ntcore\src\test\native\cpp\NetworkTableTest.cpp" line="51" status="run" result="completed" time="0." timestamp="2023-11-22T10:03:34.927" classname="NetworkTableTest" />
    <testcase name="GetHierarchyTrailingSlash" file="D:\cygwin64\home\bwg\robottools\frc\allwpilib\ntcore\src\test\native\cpp\NetworkTableTest.cpp" line="56" status="run" result="completed" time="0." timestamp="2023-11-22T10:03:34.927" classname="NetworkTableTest" />
    <testcase name="ContainsKey" file="D:\cygwin64\home\bwg\robottools\frc\allwpilib\ntcore\src\test\native\cpp\NetworkTableTest.cpp" line="61" status="run" result="completed" time="0." timestamp="2023-11-22T10:03:34.928" classname="NetworkTableTest" />
    <testcase name="LeadingSlash" file="D:\cygwin64\home\bwg\robottools\frc\allwpilib\ntcore\src\test\native\cpp\NetworkTableTest.cpp" line="72" status="run" result="completed" time="0." timestamp="2023-11-22T10:03:34.928" classname="NetworkTableTest" />
    <testcase name="EmptyOrNoSlash" file="D:\cygwin64\home\bwg\robottools\frc\allwpilib\ntcore\src\test\native\cpp\NetworkTableTest.cpp" line="83" status="run" result="completed" time="0." timestamp="2023-11-22T10:03:34.928" classname="NetworkTableTest" />
    <testcase name="ResetInstance" file="D:\cygwin64\home\bwg\robottools\frc\allwpilib\ntcore\src\test\native\cpp\NetworkTableTest.cpp" line="94" status="run" result="completed" time="0." timestamp="2023-11-22T10:03:34.928" classname="NetworkTableTest" />
  </testsuite>
  <testsuite name="LoggerTest" tests="3" failures="0" disabled="0" skipped="0" errors="0" time="0.002" timestamp="2023-11-22T10:03:34.928">
    <testcase name="DefaultLogRange" file="D:\cygwin64\home\bwg\robottools\frc\allwpilib\ntcore\src\test\native\cpp\LoggerTest.cpp" line="58" status="run" result="completed" time="0." timestamp="2023-11-22T10:03:34.928" classname="LoggerTest" />
    <testcase name="InfoOnly" file="D:\cygwin64\home\bwg\robottools\frc\allwpilib\ntcore\src\test\native\cpp\LoggerTest.cpp" line="72" status="run" result="completed" time="0." timestamp="2023-11-22T10:03:34.929" classname="LoggerTest" />
    <testcase name="Error" file="D:\cygwin64\home\bwg\robottools\frc\allwpilib\ntcore\src\test\native\cpp\LoggerTest.cpp" line="85" status="run" result="completed" time="0." timestamp="2023-11-22T10:03:34.930" classname="LoggerTest" />
  </testsuite>
  <testsuite name="LocalStorageTest" tests="34" failures="0" disabled="0" skipped="0" errors="0" time="0.014" timestamp="2023-11-22T10:03:34.931">
    <testcase name="GetTopicsUnpublished" file="D:\cygwin64\home\bwg\robottools\frc\allwpilib\ntcore\src\test\native\cpp\LocalStorageTest.cpp" line="57" status="run" result="completed" time="0." timestamp="2023-11-22T10:03:34.931" classname="LocalStorageTest" />
    <testcase name="GetTopic2" file="D:\cygwin64\home\bwg\robottools\frc\allwpilib\ntcore\src\test\native\cpp\LocalStorageTest.cpp" line="64" status="run" result="completed" time="0." timestamp="2023-11-22T10:03:34.931" classname="LocalStorageTest" />
    <testcase name="GetTopicEmptyName" file="D:\cygwin64\home\bwg\robottools\frc\allwpilib\ntcore\src\test\native\cpp\LocalStorageTest.cpp" line="70" status="run" result="completed" time="0." timestamp="2023-11-22T10:03:34.931" classname="LocalStorageTest" />
    <testcase name="GetEntryEmptyName" file="D:\cygwin64\home\bwg\robottools\frc\allwpilib\ntcore\src\test\native\cpp\LocalStorageTest.cpp" line="74" status="run" result="completed" time="0." timestamp="2023-11-22T10:03:34.931" classname="LocalStorageTest" />
    <testcase name="GetEntryCached" file="D:\cygwin64\home\bwg\robottools\frc\allwpilib\ntcore\src\test\native\cpp\LocalStorageTest.cpp" line="78" status="run" result="completed" time="0.001" timestamp="2023-11-22T10:03:34.931" classname="LocalStorageTest" />
    <testcase name="GetTopicName" file="D:\cygwin64\home\bwg\robottools\frc\allwpilib\ntcore\src\test\native\cpp\LocalStorageTest.cpp" line="86" status="run" result="completed" time="0." timestamp="2023-11-22T10:03:34.933" classname="LocalStorageTest" />
    <testcase name="GetTopicInfoUnpublished" file="D:\cygwin64\home\bwg\robottools\frc\allwpilib\ntcore\src\test\native\cpp\LocalStorageTest.cpp" line="91" status="run" result="completed" time="0." timestamp="2023-11-22T10:03:34.933" classname="LocalStorageTest" />
    <testcase name="PublishNewNoProps" file="D:\cygwin64\home\bwg\robottools\frc\allwpilib\ntcore\src\test\native\cpp\LocalStorageTest.cpp" line="104" status="run" result="completed" time="0." timestamp="2023-11-22T10:03:34.933" classname="LocalStorageTest" />
    <testcase name="PublishNewNoPropsNull" file="D:\cygwin64\home\bwg\robottools\frc\allwpilib\ntcore\src\test\native\cpp\LocalStorageTest.cpp" line="114" status="run" result="completed" time="0." timestamp="2023-11-22T10:03:34.933" classname="LocalStorageTest" />
    <testcase name="PublishNew" file="D:\cygwin64\home\bwg\robottools\frc\allwpilib\ntcore\src\test\native\cpp\LocalStorageTest.cpp" line="124" status="run" result="completed" time="0." timestamp="2023-11-22T10:03:34.934" classname="LocalStorageTest" />
    <testcase name="SubscribeNoTypeLocalPubPost" file="D:\cygwin64\home\bwg\robottools\frc\allwpilib\ntcore\src\test\native\cpp\LocalStorageTest.cpp" line="143" status="run" result="completed" time="0." timestamp="2023-11-22T10:03:34.934" classname="LocalStorageTest" />
    <testcase name="SubscribeNoTypeLocalPubPre" file="D:\cygwin64\home\bwg\robottools\frc\allwpilib\ntcore\src\test\native\cpp\LocalStorageTest.cpp" line="179" status="run" result="completed" time="0." timestamp="2023-11-22T10:03:34.935" classname="LocalStorageTest" />
    <testcase name="EntryNoTypeLocalSet" file="D:\cygwin64\home\bwg\robottools\frc\allwpilib\ntcore\src\test\native\cpp\LocalStorageTest.cpp" line="203" status="run" result="completed" time="0." timestamp="2023-11-22T10:03:34.935" classname="LocalStorageTest" />
    <testcase name="PubUnpubPub" file="D:\cygwin64\home\bwg\robottools\frc\allwpilib\ntcore\src\test\native\cpp\LocalStorageTest.cpp" line="249" status="run" result="completed" time="0." timestamp="2023-11-22T10:03:34.936" classname="LocalStorageTest" />
    <testcase name="LocalPubConflict" file="D:\cygwin64\home\bwg\robottools\frc\allwpilib\ntcore\src\test\native\cpp\LocalStorageTest.cpp" line="297" status="run" result="completed" time="0." timestamp="2023-11-22T10:03:34.937" classname="LocalStorageTest" />
    <testcase name="LocalSubConflict" file="D:\cygwin64\home\bwg\robottools\frc\allwpilib\ntcore\src\test\native\cpp\LocalStorageTest.cpp" line="336" status="run" result="completed" time="0." timestamp="2023-11-22T10:03:34.937" classname="LocalStorageTest" />
    <testcase name="RemotePubConflict" file="D:\cygwin64\home\bwg\robottools\frc\allwpilib\ntcore\src\test\native\cpp\LocalStorageTest.cpp" line="352" status="run" result="completed" time="0." timestamp="2023-11-22T10:03:34.938" classname="LocalStorageTest" />
    <testcase name="SubNonExist" file="D:\cygwin64\home\bwg\robottools\frc\allwpilib\ntcore\src\test\native\cpp\LocalStorageTest.cpp" line="383" status="run" result="completed" time="0." timestamp="2023-11-22T10:03:34.938" classname="LocalStorageTest" />
    <testcase name="SetDefaultSubscribe" file="D:\cygwin64\home\bwg\robottools\frc\allwpilib\ntcore\src\test\native\cpp\LocalStorageTest.cpp" line="390" status="run" result="completed" time="0." timestamp="2023-11-22T10:03:34.939" classname="LocalStorageTest" />
    <testcase name="SetDefaultPublish" file="D:\cygwin64\home\bwg\robottools\frc\allwpilib\ntcore\src\test\native\cpp\LocalStorageTest.cpp" line="402" status="run" result="completed" time="0." timestamp="2023-11-22T10:03:34.939" classname="LocalStorageTest" />
    <testcase name="SetDefaultEntry" file="D:\cygwin64\home\bwg\robottools\frc\allwpilib\ntcore\src\test\native\cpp\LocalStorageTest.cpp" line="421" status="run" result="completed" time="0." timestamp="2023-11-22T10:03:34.939" classname="LocalStorageTest" />
    <testcase name="SetDefaultEntryUnassigned" file="D:\cygwin64\home\bwg\robottools\frc\allwpilib\ntcore\src\test\native\cpp\LocalStorageTest.cpp" line="440" status="run" result="completed" time="0." timestamp="2023-11-22T10:03:34.940" classname="LocalStorageTest" />
    <testcase name="SetDefaultEntryDiffType" file="D:\cygwin64\home\bwg\robottools\frc\allwpilib\ntcore\src\test\native\cpp\LocalStorageTest.cpp" line="460" status="run" result="completed" time="0." timestamp="2023-11-22T10:03:34.940" classname="LocalStorageTest" />
    <testcase name="SetValueEmptyValue" file="D:\cygwin64\home\bwg\robottools\frc\allwpilib\ntcore\src\test\native\cpp\LocalStorageTest.cpp" line="470" status="run" result="completed" time="0." timestamp="2023-11-22T10:03:34.940" classname="LocalStorageTest" />
    <testcase name="SetValueEmptyUntypedEntry" file="D:\cygwin64\home\bwg\robottools\frc\allwpilib\ntcore\src\test\native\cpp\LocalStorageTest.cpp" line="479" status="run" result="completed" time="0." timestamp="2023-11-22T10:03:34.941" classname="LocalStorageTest" />
    <testcase name="PublishUntyped" file="D:\cygwin64\home\bwg\robottools\frc\allwpilib\ntcore\src\test\native\cpp\LocalStorageTest.cpp" line="486" status="run" result="completed" time="0." timestamp="2023-11-22T10:03:34.941" classname="LocalStorageTest" />
    <testcase name="SetValueInvalidHandle" file="D:\cygwin64\home\bwg\robottools\frc\allwpilib\ntcore\src\test\native\cpp\LocalStorageTest.cpp" line="495" status="run" result="completed" time="0." timestamp="2023-11-22T10:03:34.941" classname="LocalStorageTest" />
    <testcase name="MultiSubSpecial" file="D:\cygwin64\home\bwg\robottools\frc\allwpilib\ntcore\src\test\native\cpp\LocalStorageTest.cpp" line="881" status="run" result="completed" time="0." timestamp="2023-11-22T10:03:34.941" classname="LocalStorageTest" />
    <testcase name="NetworkDuplicateDetect" file="D:\cygwin64\home\bwg\robottools\frc\allwpilib\ntcore\src\test\native\cpp\LocalStorageTest.cpp" line="909" status="run" result="completed" time="0." timestamp="2023-11-22T10:03:34.942" classname="LocalStorageTest" />
    <testcase name="ReadQueueLocalRemote" file="D:\cygwin64\home\bwg\robottools\frc\allwpilib\ntcore\src\test\native\cpp\LocalStorageTest.cpp" line="927" status="run" result="completed" time="0." timestamp="2023-11-22T10:03:34.942" classname="LocalStorageTest" />
    <testcase name="SubExcludePub" file="D:\cygwin64\home\bwg\robottools\frc\allwpilib\ntcore\src\test\native\cpp\LocalStorageTest.cpp" line="959" status="run" result="completed" time="0." timestamp="2023-11-22T10:03:34.943" classname="LocalStorageTest" />
    <testcase name="EntryExcludeSelf" file="D:\cygwin64\home\bwg\robottools\frc\allwpilib\ntcore\src\test\native\cpp\LocalStorageTest.cpp" line="985" status="run" result="completed" time="0." timestamp="2023-11-22T10:03:34.944" classname="LocalStorageTest" />
    <testcase name="ReadQueueInitialLocal" file="D:\cygwin64\home\bwg\robottools\frc\allwpilib\ntcore\src\test\native\cpp\LocalStorageTest.cpp" line="1005" status="run" result="completed" time="0." timestamp="2023-11-22T10:03:34.944" classname="LocalStorageTest" />
    <testcase name="ReadQueueInitialRemote" file="D:\cygwin64\home\bwg\robottools\frc\allwpilib\ntcore\src\test\native\cpp\LocalStorageTest.cpp" line="1027" status="run" result="completed" time="0." timestamp="2023-11-22T10:03:34.944" classname="LocalStorageTest" />
  </testsuite>
  <testsuite name="LocalStorageDuplicatesTest" tests="8" failures="0" disabled="0" skipped="0" errors="0" time="0.004" timestamp="2023-11-22T10:03:34.945">
    <testcase name="Defaults" file="D:\cygwin64\home\bwg\robottools\frc\allwpilib\ntcore\src\test\native\cpp\LocalStorageTest.cpp" line="538" status="run" result="completed" time="0." timestamp="2023-11-22T10:03:34.945" classname="LocalStorageDuplicatesTest" />
    <testcase name="KeepPub" file="D:\cygwin64\home\bwg\robottools\frc\allwpilib\ntcore\src\test\native\cpp\LocalStorageTest.cpp" line="554" status="run" result="completed" time="0." timestamp="2023-11-22T10:03:34.945" classname="LocalStorageDuplicatesTest" />
    <testcase name="KeepSub" file="D:\cygwin64\home\bwg\robottools\frc\allwpilib\ntcore\src\test\native\cpp\LocalStorageTest.cpp" line="567" status="run" result="completed" time="0." timestamp="2023-11-22T10:03:34.946" classname="LocalStorageDuplicatesTest" />
    <testcase name="KeepPubSub" file="D:\cygwin64\home\bwg\robottools\frc\allwpilib\ntcore\src\test\native\cpp\LocalStorageTest.cpp" line="580" status="run" result="completed" time="0." timestamp="2023-11-22T10:03:34.946" classname="LocalStorageDuplicatesTest" />
    <testcase name="FromNetworkDefault" file="D:\cygwin64\home\bwg\robottools\frc\allwpilib\ntcore\src\test\native\cpp\LocalStorageTest.cpp" line="594" status="run" result="completed" time="0." timestamp="2023-11-22T10:03:34.947" classname="LocalStorageDuplicatesTest" />
    <testcase name="FromNetworkKeepPub" file="D:\cygwin64\home\bwg\robottools\frc\allwpilib\ntcore\src\test\native\cpp\LocalStorageTest.cpp" line="614" status="run" result="completed" time="0." timestamp="2023-11-22T10:03:34.948" classname="LocalStorageDuplicatesTest" />
    <testcase name="FromNetworkKeepSub" file="D:\cygwin64\home\bwg\robottools\frc\allwpilib\ntcore\src\test\native\cpp\LocalStorageTest.cpp" line="633" status="run" result="completed" time="0." timestamp="2023-11-22T10:03:34.948" classname="LocalStorageDuplicatesTest" />
    <testcase name="FromNetworkKeepPubSub" file="D:\cygwin64\home\bwg\robottools\frc\allwpilib\ntcore\src\test\native\cpp\LocalStorageTest.cpp" line="655" status="run" result="completed" time="0." timestamp="2023-11-22T10:03:34.949" classname="LocalStorageDuplicatesTest" />
  </testsuite>
  <testsuite name="LocalStorageNumberVariantsTest" tests="5" failures="0" disabled="0" skipped="0" errors="0" time="0.005" timestamp="2023-11-22T10:03:34.949">
    <testcase name="GetEntryPubAfter" file="D:\cygwin64\home\bwg\robottools\frc\allwpilib\ntcore\src\test\native\cpp\LocalStorageTest.cpp" line="733" status="run" result="completed" time="0." timestamp="2023-11-22T10:03:34.949" classname="LocalStorageNumberVariantsTest" />
    <testcase name="GetEntryPubBefore" file="D:\cygwin64\home\bwg\robottools\frc\allwpilib\ntcore\src\test\native\cpp\LocalStorageTest.cpp" line="755" status="run" result="completed" time="0." timestamp="2023-11-22T10:03:34.950" classname="LocalStorageNumberVariantsTest" />
    <testcase name="GetAtomic" file="D:\cygwin64\home\bwg\robottools\frc\allwpilib\ntcore\src\test\native\cpp\LocalStorageTest.cpp" line="782" status="run" result="completed" time="0.001" timestamp="2023-11-22T10:03:34.950" classname="LocalStorageNumberVariantsTest" />
    <testcase name="GetAtomicArray" file="D:\cygwin64\home\bwg\robottools\frc\allwpilib\ntcore\src\test\native\cpp\LocalStorageTest.cpp" line="810" status="run" result="completed" time="0.001" timestamp="2023-11-22T10:03:34.951" classname="LocalStorageNumberVariantsTest" />
    <testcase name="ReadQueue" file="D:\cygwin64\home\bwg\robottools\frc\allwpilib\ntcore\src\test\native\cpp\LocalStorageTest.cpp" line="834" status="run" result="completed" time="0.001" timestamp="2023-11-22T10:03:34.953" classname="LocalStorageNumberVariantsTest" />
  </testsuite>
  <testsuite name="ConnectionListenerTest" tests="1" failures="0" disabled="0" skipped="0" errors="0" time="1.313" timestamp="2023-11-22T10:03:34.954">
    <testcase name="Polled" file="D:\cygwin64\home\bwg\robottools\frc\allwpilib\ntcore\src\test\native\cpp\ConnectionListenerTest.cpp" line="50" status="run" result="completed" time="1.313" timestamp="2023-11-22T10:03:34.954" classname="ConnectionListenerTest" />
  </testsuite>
  <testsuite name="ConnectionListenerVariantTests/ConnectionListenerVariantTest" tests="3" failures="0" disabled="0" skipped="0" errors="0" time="3.924" timestamp="2023-11-22T10:03:36.268">
    <testcase name="Threaded/0" value_param="(00007FF65332F088 pointing to &quot;127.0.0.1&quot;, 0)" file="D:\cygwin64\home\bwg\robottools\frc\allwpilib\ntcore\src\test\native\cpp\ConnectionListenerTest.cpp" line="90" status="run" result="completed" time="1.314" timestamp="2023-11-22T10:03:36.268" classname="ConnectionListenerVariantTests/ConnectionListenerVariantTest" />
    <testcase name="Threaded/1" value_param="(00007FF65332F078 pointing to &quot;127.0.0.1 &quot;, 1)" file="D:\cygwin64\home\bwg\robottools\frc\allwpilib\ntcore\src\test\native\cpp\ConnectionListenerTest.cpp" line="90" status="run" result="completed" time="1.3" timestamp="2023-11-22T10:03:37.583" classname="ConnectionListenerVariantTests/ConnectionListenerVariantTest" />
    <testcase name="Threaded/2" value_param="(00007FF65332F068 pointing to &quot; 127.0.0.1 &quot;, 2)" file="D:\cygwin64\home\bwg\robottools\frc\allwpilib\ntcore\src\test\native\cpp\ConnectionListenerTest.cpp" line="90" status="run" result="completed" time="1.308" timestamp="2023-11-22T10:03:38.884" classname="ConnectionListenerVariantTests/ConnectionListenerVariantTest" />
  </testsuite>
</testsuites>
